# JRE version: OpenJDK Runtime Environment Temurin-11.0.15+10 (11.0.15+10) (build 11.0.15+10)
# Java VM: OpenJDK 64-Bit Server VM Temurin-11.0.15+10 (11.0.15+10, mixed mode, tiered, compressed oops, g1 gc, windows-amd64)
Heap:
 garbage-first heap   total 114688K, used 31803K [0x00000000e0000000, 0x0000000100000000)
  region size 1024K, 13 young (13312K), 3 survivors (3072K)
 Metaspace       used 35957K, capacity 37166K, committed 37532K, reserved 1081344K
  class space    used 4331K, capacity 4828K, committed 4940K, reserved 1048576K
GC Heap History (12 events):
Event: 1.805 GC heap before
{Heap before GC invocations=0 (full 0):
 garbage-first heap   total 114688K, used 23552K [0x00000000e0000000, 0x0000000100000000)
  region size 1024K, 24 young (24576K), 0 survivors (0K)
 Metaspace       used 13141K, capacity 13473K, committed 13568K, reserved 1060864K
  class space    used 1364K, capacity 1442K, committed 1536K, reserved 1048576K
}
Event: 1.812 GC heap after
{Heap after GC invocations=1 (full 0):
 garbage-first heap   total 114688K, used 8296K [0x00000000e0000000, 0x0000000100000000)
  region size 1024K, 3 young (3072K), 3 survivors (3072K)
 Metaspace       used 13141K, capacity 13473K, committed 13568K, reserved 1060864K
  class space    used 1364K, capacity 1442K, committed 1536K, reserved 1048576K
}
Event: 2.338 GC heap before
{Heap before GC invocations=1 (full 0):
 garbage-first heap   total 114688K, used 22632K [0x00000000e0000000, 0x0000000100000000)
  region size 1024K, 17 young (17408K), 3 survivors (3072K)
 Metaspace       used 15845K, capacity 16491K, committed 16640K, reserved 1064960K
  class space    used 1783K, capacity 2015K, committed 2048K, reserved 1048576K
}
Event: 2.343 GC heap after
{Heap after GC invocations=2 (full 0):
 garbage-first heap   total 114688K, used 9191K [0x00000000e0000000, 0x0000000100000000)
  region size 1024K, 1 young (1024K), 1 survivors (1024K)
 Metaspace       used 15845K, capacity 16491K, committed 16640K, reserved 1064960K
  class space    used 1783K, capacity 2015K, committed 2048K, reserved 1048576K
}
Event: 3.222 GC heap before
{Heap before GC invocations=2 (full 0):
 garbage-first heap   total 114688K, used 30695K [0x00000000e0000000, 0x0000000100000000)
  region size 1024K, 23 young (23552K), 1 survivors (1024K)
 Metaspace       used 20374K, capacity 21115K, committed 21296K, reserved 1069056K
  class space    used 2293K, capacity 2598K, committed 2688K, reserved 1048576K
}
Event: 3.228 GC heap after
{Heap after GC invocations=3 (full 0):
 garbage-first heap   total 114688K, used 11201K [0x00000000e0000000, 0x0000000100000000)
  region size 1024K, 3 young (3072K), 3 survivors (3072K)
 Metaspace       used 20374K, capacity 21115K, committed 21296K, reserved 1069056K
  class space    used 2293K, capacity 2598K, committed 2688K, reserved 1048576K
}
Event: 5.809 GC heap before
{Heap before GC invocations=4 (full 0):
 garbage-first heap   total 114688K, used 53185K [0x00000000e0000000, 0x0000000100000000)
  region size 1024K, 44 young (45056K), 3 survivors (3072K)
 Metaspace       used 26769K, capacity 27617K, committed 27696K, reserved 1073152K
  class space    used 3101K, capacity 3427K, committed 3456K, reserved 1048576K
}
Event: 5.817 GC heap after
{Heap after GC invocations=5 (full 0):
 garbage-first heap   total 114688K, used 14523K [0x00000000e0000000, 0x0000000100000000)
  region size 1024K, 6 young (6144K), 6 survivors (6144K)
 Metaspace       used 26769K, capacity 27617K, committed 27696K, reserved 1073152K
  class space    used 3101K, capacity 3427K, committed 3456K, reserved 1048576K
}
Event: 8.617 GC heap before
{Heap before GC invocations=5 (full 0):
 garbage-first heap   total 114688K, used 59579K [0x00000000e0000000, 0x0000000100000000)
  region size 1024K, 51 young (52224K), 6 survivors (6144K)
 Metaspace       used 32461K, capacity 33499K, committed 33712K, reserved 1079296K
  class space    used 3848K, capacity 4245K, committed 4352K, reserved 1048576K
}
Event: 8.623 GC heap after
{Heap after GC invocations=6 (full 0):
 garbage-first heap   total 114688K, used 16631K [0x00000000e0000000, 0x0000000100000000)
  region size 1024K, 6 young (6144K), 6 survivors (6144K)
 Metaspace       used 32461K, capacity 33499K, committed 33712K, reserved 1079296K
  class space    used 3848K, capacity 4245K, committed 4352K, reserved 1048576K
}
Event: 10.534 GC heap before
{Heap before GC invocations=6 (full 0):
 garbage-first heap   total 114688K, used 36087K [0x00000000e0000000, 0x0000000100000000)
  region size 1024K, 21 young (21504K), 6 survivors (6144K)
 Metaspace       used 34760K, capacity 35807K, committed 35920K, reserved 1081344K
  class space    used 4165K, capacity 4589K, committed 4608K, reserved 1048576K
}
Event: 10.543 GC heap after
{Heap after GC invocations=7 (full 0):
 garbage-first heap   total 114688K, used 22587K [0x00000000e0000000, 0x0000000100000000)
  region size 1024K, 3 young (3072K), 3 survivors (3072K)
 Metaspace       used 34760K, capacity 35807K, committed 35920K, reserved 1081344K
  class space    used 4165K, capacity 4589K, committed 4608K, reserved 1048576K
}

