# JRE version: OpenJDK Runtime Environment Temurin-11.0.15+10 (11.0.15+10) (build 11.0.15+10)
# Java VM: OpenJDK 64-Bit Server VM Temurin-11.0.15+10 (11.0.15+10, mixed mode, tiered, compressed oops, g1 gc, windows-amd64)
Heap:
 garbage-first heap   total 262144K, used 57292K [0x00000000e0000000, 0x0000000100000000)
  region size 1024K, 27 young (27648K), 19 survivors (19456K)
 Metaspace       used 59280K, capacity 61249K, committed 61480K, reserved 307200K
  class space    used 7787K, capacity 8585K, committed 8640K, reserved 253952K
GC Heap History (18 events):
Event: 1.270 GC heap before
{Heap before GC invocations=0 (full 0):
 garbage-first heap   total 262144K, used 29696K [0x00000000e0000000, 0x0000000100000000)
  region size 1024K, 24 young (24576K), 0 survivors (0K)
 Metaspace       used 10129K, capacity 10400K, committed 10624K, reserved 264192K
  class space    used 1036K, capacity 1105K, committed 1152K, reserved 253952K
}
Event: 1.275 GC heap after
{Heap after GC invocations=1 (full 0):
 garbage-first heap   total 262144K, used 9527K [0x00000000e0000000, 0x0000000100000000)
  region size 1024K, 3 young (3072K), 3 survivors (3072K)
 Metaspace       used 10129K, capacity 10400K, committed 10624K, reserved 264192K
  class space    used 1036K, capacity 1105K, committed 1152K, reserved 253952K
}
Event: 4.123 GC heap before
{Heap before GC invocations=1 (full 0):
 garbage-first heap   total 262144K, used 73015K [0x00000000e0000000, 0x0000000100000000)
  region size 1024K, 64 young (65536K), 3 survivors (3072K)
 Metaspace       used 17077K, capacity 17434K, committed 17792K, reserved 270336K
  class space    used 1948K, capacity 2068K, committed 2176K, reserved 253952K
}
Event: 4.130 GC heap after
{Heap after GC invocations=2 (full 0):
 garbage-first heap   total 262144K, used 15954K [0x00000000e0000000, 0x0000000100000000)
  region size 1024K, 8 young (8192K), 8 survivors (8192K)
 Metaspace       used 17077K, capacity 17434K, committed 17792K, reserved 270336K
  class space    used 1948K, capacity 2068K, committed 2176K, reserved 253952K
}
Event: 4.779 GC heap before
{Heap before GC invocations=2 (full 0):
 garbage-first heap   total 262144K, used 49746K [0x00000000e0000000, 0x0000000100000000)
  region size 1024K, 41 young (41984K), 8 survivors (8192K)
 Metaspace       used 20676K, capacity 21117K, committed 21296K, reserved 274432K
  class space    used 2512K, capacity 2680K, committed 2688K, reserved 253952K
}
Event: 4.785 GC heap after
{Heap after GC invocations=3 (full 0):
 garbage-first heap   total 262144K, used 16902K [0x00000000e0000000, 0x0000000100000000)
  region size 1024K, 2 young (2048K), 2 survivors (2048K)
 Metaspace       used 20676K, capacity 21117K, committed 21296K, reserved 274432K
  class space    used 2512K, capacity 2680K, committed 2688K, reserved 253952K
}
Event: 4.801 GC heap before
{Heap before GC invocations=3 (full 0):
 garbage-first heap   total 262144K, used 17926K [0x00000000e0000000, 0x0000000100000000)
  region size 1024K, 4 young (4096K), 2 survivors (2048K)
 Metaspace       used 20800K, capacity 21198K, committed 21296K, reserved 274432K
  class space    used 2524K, capacity 2687K, committed 2688K, reserved 253952K
}
Event: 4.805 GC heap after
{Heap after GC invocations=4 (full 0):
 garbage-first heap   total 262144K, used 16864K [0x00000000e0000000, 0x0000000100000000)
  region size 1024K, 2 young (2048K), 2 survivors (2048K)
 Metaspace       used 20800K, capacity 21198K, committed 21296K, reserved 274432K
  class space    used 2524K, capacity 2687K, committed 2688K, reserved 253952K
}
Event: 6.414 GC heap before
{Heap before GC invocations=5 (full 0):
 garbage-first heap   total 262144K, used 95712K [0x00000000e0000000, 0x0000000100000000)
  region size 1024K, 79 young (80896K), 2 survivors (2048K)
 Metaspace       used 28359K, capacity 29100K, committed 29312K, reserved 280576K
  class space    used 3705K, capacity 3949K, committed 3968K, reserved 253952K
}
Event: 6.420 GC heap after
{Heap after GC invocations=6 (full 0):
 garbage-first heap   total 262144K, used 19377K [0x00000000e0000000, 0x0000000100000000)
  region size 1024K, 4 young (4096K), 4 survivors (4096K)
 Metaspace       used 28359K, capacity 29100K, committed 29312K, reserved 280576K
  class space    used 3705K, capacity 3949K, committed 3968K, reserved 253952K
}
Event: 7.475 GC heap before
{Heap before GC invocations=6 (full 0):
 garbage-first heap   total 262144K, used 61361K [0x00000000e0000000, 0x0000000100000000)
  region size 1024K, 46 young (47104K), 4 survivors (4096K)
 Metaspace       used 34963K, capacity 35814K, committed 35968K, reserved 286720K
  class space    used 4520K, capacity 4868K, committed 4992K, reserved 253952K
}
Event: 7.490 GC heap after
{Heap after GC invocations=7 (full 0):
 garbage-first heap   total 262144K, used 22005K [0x00000000e0000000, 0x0000000100000000)
  region size 1024K, 7 young (7168K), 7 survivors (7168K)
 Metaspace       used 34963K, capacity 35814K, committed 35968K, reserved 286720K
  class space    used 4520K, capacity 4868K, committed 4992K, reserved 253952K
}
Event: 10.048 GC heap before
{Heap before GC invocations=8 (full 0):
 garbage-first heap   total 262144K, used 134645K [0x00000000e0000000, 0x0000000100000000)
  region size 1024K, 114 young (116736K), 7 survivors (7168K)
 Metaspace       used 45076K, capacity 46189K, committed 46236K, reserved 294912K
  class space    used 5707K, capacity 6099K, committed 6144K, reserved 253952K
}
Event: 10.065 GC heap after
{Heap after GC invocations=9 (full 0):
 garbage-first heap   total 262144K, used 28732K [0x00000000e0000000, 0x0000000100000000)
  region size 1024K, 13 young (13312K), 13 survivors (13312K)
 Metaspace       used 45076K, capacity 46189K, committed 46236K, reserved 294912K
  class space    used 5707K, capacity 6099K, committed 6144K, reserved 253952K
}
Event: 12.772 GC heap before
{Heap before GC invocations=9 (full 0):
 garbage-first heap   total 262144K, used 154684K [0x00000000e0000000, 0x0000000100000000)
  region size 1024K, 136 young (139264K), 13 survivors (13312K)
 Metaspace       used 54059K, capacity 55689K, committed 55708K, reserved 303104K
  class space    used 7047K, capacity 7662K, committed 7680K, reserved 253952K
}
Event: 12.798 GC heap after
{Heap after GC invocations=10 (full 0):
 garbage-first heap   total 262144K, used 36703K [0x00000000e0000000, 0x0000000100000000)
  region size 1024K, 15 young (15360K), 15 survivors (15360K)
 Metaspace       used 54059K, capacity 55689K, committed 55708K, reserved 303104K
  class space    used 7047K, capacity 7662K, committed 7680K, reserved 253952K
}
Event: 15.177 GC heap before
{Heap before GC invocations=10 (full 0):
 garbage-first heap   total 262144K, used 164703K [0x00000000e0000000, 0x0000000100000000)
  region size 1024K, 142 young (145408K), 15 survivors (15360K)
 Metaspace       used 58560K, capacity 60520K, committed 60636K, reserved 307200K
  class space    used 7695K, capacity 8512K, committed 8512K, reserved 253952K
}
Event: 15.244 GC heap after
{Heap after GC invocations=11 (full 0):
 garbage-first heap   total 262144K, used 51148K [0x00000000e0000000, 0x0000000100000000)
  region size 1024K, 19 young (19456K), 19 survivors (19456K)
 Metaspace       used 58560K, capacity 60520K, committed 60636K, reserved 307200K
  class space    used 7695K, capacity 8512K, committed 8512K, reserved 253952K
}

