# JRE version: OpenJDK Runtime Environment Temurin-11.0.15+10 (11.0.15+10) (build 11.0.15+10)
# Java VM: OpenJDK 64-Bit Server VM Temurin-11.0.15+10 (11.0.15+10, mixed mode, tiered, compressed oops, g1 gc, windows-amd64)
Heap:
 garbage-first heap   total 262144K, used 85801K [0x00000000e0000000, 0x0000000100000000)
  region size 1024K, 31 young (31744K), 11 survivors (11264K)
 Metaspace       used 68091K, capacity 70391K, committed 70492K, reserved 315392K
  class space    used 8835K, capacity 9711K, committed 9804K, reserved 253952K
GC Heap History (20 events):
Event: 2.651 GC heap before
{Heap before GC invocations=1 (full 0):
 garbage-first heap   total 262144K, used 31793K [0x00000000e0000000, 0x0000000100000000)
  region size 1024K, 25 young (25600K), 3 survivors (3072K)
 Metaspace       used 11194K, capacity 11453K, committed 11520K, reserved 264192K
  class space    used 1144K, capacity 1243K, committed 1280K, reserved 253952K
}
Event: 2.654 GC heap after
{Heap after GC invocations=2 (full 0):
 garbage-first heap   total 262144K, used 9913K [0x00000000e0000000, 0x0000000100000000)
  region size 1024K, 1 young (1024K), 1 survivors (1024K)
 Metaspace       used 11194K, capacity 11453K, committed 11520K, reserved 264192K
  class space    used 1144K, capacity 1243K, committed 1280K, reserved 253952K
}
Event: 5.310 GC heap before
{Heap before GC invocations=2 (full 0):
 garbage-first heap   total 262144K, used 68281K [0x00000000e0000000, 0x0000000100000000)
  region size 1024K, 57 young (58368K), 1 survivors (1024K)
 Metaspace       used 18979K, capacity 19375K, committed 19584K, reserved 272384K
  class space    used 2264K, capacity 2376K, committed 2432K, reserved 253952K
}
Event: 5.316 GC heap after
{Heap after GC invocations=3 (full 0):
 garbage-first heap   total 262144K, used 16443K [0x00000000e0000000, 0x0000000100000000)
  region size 1024K, 8 young (8192K), 8 survivors (8192K)
 Metaspace       used 18979K, capacity 19375K, committed 19584K, reserved 272384K
  class space    used 2264K, capacity 2376K, committed 2432K, reserved 253952K
}
Event: 5.688 GC heap before
{Heap before GC invocations=3 (full 0):
 garbage-first heap   total 262144K, used 33851K [0x00000000e0000000, 0x0000000100000000)
  region size 1024K, 26 young (26624K), 8 survivors (8192K)
 Metaspace       used 20743K, capacity 21196K, committed 21296K, reserved 274432K
  class space    used 2521K, capacity 2685K, committed 2688K, reserved 253952K
}
Event: 5.695 GC heap after
{Heap after GC invocations=4 (full 0):
 garbage-first heap   total 262144K, used 17184K [0x00000000e0000000, 0x0000000100000000)
  region size 1024K, 1 young (1024K), 1 survivors (1024K)
 Metaspace       used 20743K, capacity 21196K, committed 21296K, reserved 274432K
  class space    used 2521K, capacity 2685K, committed 2688K, reserved 253952K
}
Event: 7.991 GC heap before
{Heap before GC invocations=5 (full 0):
 garbage-first heap   total 262144K, used 124704K [0x00000000e0000000, 0x0000000100000000)
  region size 1024K, 106 young (108544K), 1 survivors (1024K)
 Metaspace       used 31100K, capacity 31870K, committed 31996K, reserved 282624K
  class space    used 4130K, capacity 4404K, committed 4428K, reserved 253952K
}
Event: 7.997 GC heap after
{Heap after GC invocations=6 (full 0):
 garbage-first heap   total 262144K, used 20231K [0x00000000e0000000, 0x0000000100000000)
  region size 1024K, 4 young (4096K), 4 survivors (4096K)
 Metaspace       used 31100K, capacity 31870K, committed 31996K, reserved 282624K
  class space    used 4130K, capacity 4404K, committed 4428K, reserved 253952K
}
Event: 8.527 GC heap before
{Heap before GC invocations=6 (full 0):
 garbage-first heap   total 262144K, used 34567K [0x00000000e0000000, 0x0000000100000000)
  region size 1024K, 20 young (20480K), 4 survivors (4096K)
 Metaspace       used 35093K, capacity 35942K, committed 36048K, reserved 286720K
  class space    used 4521K, capacity 4868K, committed 4940K, reserved 253952K
}
Event: 8.539 GC heap after
{Heap after GC invocations=7 (full 0):
 garbage-first heap   total 262144K, used 22271K [0x00000000e0000000, 0x0000000100000000)
  region size 1024K, 6 young (6144K), 6 survivors (6144K)
 Metaspace       used 35093K, capacity 35942K, committed 36048K, reserved 286720K
  class space    used 4521K, capacity 4868K, committed 4940K, reserved 253952K
}
Event: 10.681 GC heap before
{Heap before GC invocations=8 (full 0):
 garbage-first heap   total 262144K, used 135935K [0x00000000e0000000, 0x0000000100000000)
  region size 1024K, 114 young (116736K), 6 survivors (6144K)
 Metaspace       used 44966K, capacity 46029K, committed 46160K, reserved 294912K
  class space    used 5683K, capacity 6067K, committed 6092K, reserved 253952K
}
Event: 10.693 GC heap after
{Heap after GC invocations=9 (full 0):
 garbage-first heap   total 262144K, used 29047K [0x00000000e0000000, 0x0000000100000000)
  region size 1024K, 13 young (13312K), 13 survivors (13312K)
 Metaspace       used 44966K, capacity 46029K, committed 46160K, reserved 294912K
  class space    used 5683K, capacity 6067K, committed 6092K, reserved 253952K
}
Event: 12.961 GC heap before
{Heap before GC invocations=9 (full 0):
 garbage-first heap   total 262144K, used 145783K [0x00000000e0000000, 0x0000000100000000)
  region size 1024K, 127 young (130048K), 13 survivors (13312K)
 Metaspace       used 53692K, capacity 55297K, committed 55376K, reserved 303104K
  class space    used 6989K, capacity 7574K, committed 7628K, reserved 253952K
}
Event: 12.979 GC heap after
{Heap after GC invocations=10 (full 0):
 garbage-first heap   total 262144K, used 35339K [0x00000000e0000000, 0x0000000100000000)
  region size 1024K, 14 young (14336K), 14 survivors (14336K)
 Metaspace       used 53692K, capacity 55297K, committed 55376K, reserved 303104K
  class space    used 6989K, capacity 7574K, committed 7628K, reserved 253952K
}
Event: 15.031 GC heap before
{Heap before GC invocations=10 (full 0):
 garbage-first heap   total 262144K, used 171531K [0x00000000e0000000, 0x0000000100000000)
  region size 1024K, 148 young (151552K), 14 survivors (14336K)
 Metaspace       used 57797K, capacity 59710K, committed 59984K, reserved 307200K
  class space    used 7585K, capacity 8324K, committed 8396K, reserved 253952K
}
Event: 15.063 GC heap after
{Heap after GC invocations=11 (full 0):
 garbage-first heap   total 262144K, used 51296K [0x00000000e0000000, 0x0000000100000000)
  region size 1024K, 19 young (19456K), 19 survivors (19456K)
 Metaspace       used 57797K, capacity 59710K, committed 59984K, reserved 307200K
  class space    used 7585K, capacity 8324K, committed 8396K, reserved 253952K
}
Event: 15.164 GC heap before
{Heap before GC invocations=11 (full 0):
 garbage-first heap   total 262144K, used 54368K [0x00000000e0000000, 0x0000000100000000)
  region size 1024K, 23 young (23552K), 19 survivors (19456K)
 Metaspace       used 58392K, capacity 60373K, committed 60508K, reserved 307200K
  class space    used 7671K, capacity 8440K, committed 8524K, reserved 253952K
}
Event: 15.202 GC heap after
{Heap after GC invocations=12 (full 0):
 garbage-first heap   total 262144K, used 54698K [0x00000000e0000000, 0x0000000100000000)
  region size 1024K, 3 young (3072K), 3 survivors (3072K)
 Metaspace       used 58392K, capacity 60373K, committed 60508K, reserved 307200K
  class space    used 7671K, capacity 8440K, committed 8524K, reserved 253952K
}
Event: 18.147 GC heap before
{Heap before GC invocations=13 (full 0):
 garbage-first heap   total 262144K, used 133546K [0x00000000e0000000, 0x0000000100000000)
  region size 1024K, 81 young (82944K), 3 survivors (3072K)
 Metaspace       used 66512K, capacity 68774K, committed 68956K, reserved 315392K
  class space    used 8649K, capacity 9512K, committed 9548K, reserved 253952K
}
Event: 18.183 GC heap after
{Heap after GC invocations=14 (full 0):
 garbage-first heap   total 262144K, used 67369K [0x00000000e0000000, 0x0000000100000000)
  region size 1024K, 11 young (11264K), 11 survivors (11264K)
 Metaspace       used 66512K, capacity 68774K, committed 68956K, reserved 315392K
  class space    used 8649K, capacity 9512K, committed 9548K, reserved 253952K
}

