# JRE version: OpenJDK Runtime Environment Temurin-11.0.15+10 (11.0.15+10) (build 11.0.15+10)
# Java VM: OpenJDK 64-Bit Server VM Temurin-11.0.15+10 (11.0.15+10, mixed mode, tiered, compressed oops, g1 gc, windows-amd64)
Heap:
 garbage-first heap   total 262144K, used 109568K [0x00000000e0000000, 0x0000000100000000)
  region size 1024K, 60 young (61440K), 13 survivors (13312K)
 Metaspace       used 73892K, capacity 76555K, committed 76660K, reserved 321536K
  class space    used 9400K, capacity 10406K, committed 10468K, reserved 253952K
GC Heap History (18 events):
Event: 1.662 GC heap before
{Heap before GC invocations=0 (full 0):
 garbage-first heap   total 262144K, used 29696K [0x00000000e0000000, 0x0000000100000000)
  region size 1024K, 24 young (24576K), 0 survivors (0K)
 Metaspace       used 10091K, capacity 10384K, committed 10624K, reserved 264192K
  class space    used 1028K, capacity 1105K, committed 1152K, reserved 253952K
}
Event: 1.675 GC heap after
{Heap after GC invocations=1 (full 0):
 garbage-first heap   total 262144K, used 9385K [0x00000000e0000000, 0x0000000100000000)
  region size 1024K, 3 young (3072K), 3 survivors (3072K)
 Metaspace       used 10091K, capacity 10384K, committed 10624K, reserved 264192K
  class space    used 1028K, capacity 1105K, committed 1152K, reserved 253952K
}
Event: 5.535 GC heap before
{Heap before GC invocations=1 (full 0):
 garbage-first heap   total 262144K, used 105641K [0x00000000e0000000, 0x0000000100000000)
  region size 1024K, 98 young (100352K), 3 survivors (3072K)
 Metaspace       used 20783K, capacity 21246K, committed 21296K, reserved 274432K
  class space    used 2521K, capacity 2687K, committed 2688K, reserved 253952K
}
Event: 5.549 GC heap after
{Heap after GC invocations=2 (full 0):
 garbage-first heap   total 262144K, used 17044K [0x00000000e0000000, 0x0000000100000000)
  region size 1024K, 11 young (11264K), 11 survivors (11264K)
 Metaspace       used 20783K, capacity 21246K, committed 21296K, reserved 274432K
  class space    used 2521K, capacity 2687K, committed 2688K, reserved 253952K
}
Event: 6.608 GC heap before
{Heap before GC invocations=3 (full 0):
 garbage-first heap   total 262144K, used 66196K [0x00000000e0000000, 0x0000000100000000)
  region size 1024K, 59 young (60416K), 11 survivors (11264K)
 Metaspace       used 25999K, capacity 26669K, committed 27008K, reserved 278528K
  class space    used 3363K, capacity 3589K, committed 3712K, reserved 253952K
}
Event: 6.617 GC heap after
{Heap after GC invocations=4 (full 0):
 garbage-first heap   total 262144K, used 18828K [0x00000000e0000000, 0x0000000100000000)
  region size 1024K, 3 young (3072K), 3 survivors (3072K)
 Metaspace       used 25999K, capacity 26669K, committed 27008K, reserved 278528K
  class space    used 3363K, capacity 3589K, committed 3712K, reserved 253952K
}
Event: 8.298 GC heap before
{Heap before GC invocations=4 (full 0):
 garbage-first heap   total 262144K, used 87436K [0x00000000e0000000, 0x0000000100000000)
  region size 1024K, 71 young (72704K), 3 survivors (3072K)
 Metaspace       used 35196K, capacity 35958K, committed 36048K, reserved 286720K
  class space    used 4527K, capacity 4836K, committed 4864K, reserved 253952K
}
Event: 8.310 GC heap after
{Heap after GC invocations=5 (full 0):
 garbage-first heap   total 262144K, used 21885K [0x00000000e0000000, 0x0000000100000000)
  region size 1024K, 6 young (6144K), 6 survivors (6144K)
 Metaspace       used 35196K, capacity 35958K, committed 36048K, reserved 286720K
  class space    used 4527K, capacity 4836K, committed 4864K, reserved 253952K
}
Event: 10.565 GC heap before
{Heap before GC invocations=6 (full 0):
 garbage-first heap   total 262144K, used 139645K [0x00000000e0000000, 0x0000000100000000)
  region size 1024K, 118 young (120832K), 6 survivors (6144K)
 Metaspace       used 45408K, capacity 46467K, committed 46620K, reserved 294912K
  class space    used 5754K, capacity 6133K, committed 6220K, reserved 253952K
}
Event: 10.578 GC heap after
{Heap after GC invocations=7 (full 0):
 garbage-first heap   total 262144K, used 29187K [0x00000000e0000000, 0x0000000100000000)
  region size 1024K, 13 young (13312K), 13 survivors (13312K)
 Metaspace       used 45408K, capacity 46467K, committed 46620K, reserved 294912K
  class space    used 5754K, capacity 6133K, committed 6220K, reserved 253952K
}
Event: 13.498 GC heap before
{Heap before GC invocations=7 (full 0):
 garbage-first heap   total 262144K, used 172547K [0x00000000e0000000, 0x0000000100000000)
  region size 1024K, 153 young (156672K), 13 survivors (13312K)
 Metaspace       used 55835K, capacity 57753K, committed 58012K, reserved 305152K
  class space    used 7364K, capacity 8113K, committed 8140K, reserved 253952K
}
Event: 13.519 GC heap after
{Heap after GC invocations=8 (full 0):
 garbage-first heap   total 262144K, used 38154K [0x00000000e0000000, 0x0000000100000000)
  region size 1024K, 20 young (20480K), 20 survivors (20480K)
 Metaspace       used 55835K, capacity 57753K, committed 58012K, reserved 305152K
  class space    used 7364K, capacity 8113K, committed 8140K, reserved 253952K
}
Event: 15.297 GC heap before
{Heap before GC invocations=8 (full 0):
 garbage-first heap   total 262144K, used 134410K [0x00000000e0000000, 0x0000000100000000)
  region size 1024K, 115 young (117760K), 20 survivors (20480K)
 Metaspace       used 58576K, capacity 60528K, committed 60636K, reserved 307200K
  class space    used 7690K, capacity 8477K, committed 8524K, reserved 253952K
}
Event: 15.349 GC heap after
{Heap after GC invocations=9 (full 0):
 garbage-first heap   total 262144K, used 51028K [0x00000000e0000000, 0x0000000100000000)
  region size 1024K, 20 young (20480K), 20 survivors (20480K)
 Metaspace       used 58576K, capacity 60528K, committed 60636K, reserved 307200K
  class space    used 7690K, capacity 8477K, committed 8524K, reserved 253952K
}
Event: 22.247 GC heap before
{Heap before GC invocations=10 (full 0):
 garbage-first heap   total 262144K, used 186196K [0x00000000e0000000, 0x0000000100000000)
  region size 1024K, 153 young (156672K), 20 survivors (20480K)
 Metaspace       used 69285K, capacity 71707K, committed 71796K, reserved 317440K
  class space    used 8995K, capacity 9882K, committed 9956K, reserved 253952K
}
Event: 22.304 GC heap after
{Heap after GC invocations=11 (full 0):
 garbage-first heap   total 262144K, used 59867K [0x00000000e0000000, 0x0000000100000000)
  region size 1024K, 11 young (11264K), 11 survivors (11264K)
 Metaspace       used 69285K, capacity 71707K, committed 71796K, reserved 317440K
  class space    used 8995K, capacity 9882K, committed 9956K, reserved 253952K
}
Event: 75.804 GC heap before
{Heap before GC invocations=12 (full 0):
 garbage-first heap   total 262144K, used 195035K [0x00000000e0000000, 0x0000000100000000)
  region size 1024K, 144 young (147456K), 11 survivors (11264K)
 Metaspace       used 72550K, capacity 75097K, committed 75252K, reserved 319488K
  class space    used 9307K, capacity 10255K, committed 10340K, reserved 253952K
}
Event: 75.851 GC heap after
{Heap after GC invocations=13 (full 0):
 garbage-first heap   total 262144K, used 62464K [0x00000000e0000000, 0x0000000100000000)
  region size 1024K, 13 young (13312K), 13 survivors (13312K)
 Metaspace       used 72550K, capacity 75097K, committed 75252K, reserved 319488K
  class space    used 9307K, capacity 10255K, committed 10340K, reserved 253952K
}

